
-----
Test: tests/test_buy_rozetka.py::test_buy_rozetka (call)
Start time: 2023-04-05 16:15:21.759476
Start name method: authorization

End time: 2023-04-05 16:15:24.398513
End name method: authorization
URL: https://saray.ru/lk/?login=yes

-----

-----
Test: tests/test_buy_rozetka.py::test_buy_rozetka (call)
Start time: 2023-04-05 16:15:25.404097
Start name method: select_product_category

End time: 2023-04-05 16:15:32.664299
End name method: select_product_category
URL: https://saray.ru/catalog/rozetki_i_vyklyuchateli/

-----

-----
Test: tests/test_buy_rozetka.py::test_buy_rozetka (call)
Start time: 2023-04-05 16:15:32.664600
Start name method: select_filters_for_rozetki

End time: 2023-04-05 16:15:57.669789
End name method: select_filters_for_rozetki
URL: https://saray.ru/catalog/detail/blok_op_etyud_1_m_rozetka_s_zazeml_zashch_shtorki_2_kl_vykl_sosna_sche_bpa16_202d/

-----

-----
Test: tests/test_buy_rozetka.py::test_buy_rozetka (call)
Start time: 2023-04-05 16:15:57.670125
Start name method: select_rozetka_to_buy

End time: 2023-04-05 16:15:58.230302
End name method: select_rozetka_to_buy
URL: https://saray.ru/personal/cart/

-----

-----
Test: tests/test_buy_rozetka.py::test_buy_rozetka (call)
Start time: 2023-04-05 16:15:58.230555
Start name method: rozetka_in_korzina

End time: 2023-04-05 16:15:59.741083
End name method: rozetka_in_korzina
URL: https://saray.ru/personal/order/make/

-----

-----
Test: tests/test_buy_rozetka.py::test_buy_rozetka (call)
Start time: 2023-04-05 16:15:59.741439
Start name method: confirm_the_order

End time: 2023-04-05 16:16:00.240382
End name method: confirm_the_order
URL: https://saray.ru/personal/order/make/

-----
